<?xml version="1.0" encoding="UTF-8" ?>
<testsuite errors="0" failures="0" hostname="Mac" name="com.allendowney.thinkdast.ListClientExampleTest" skipped="0" tests="1" time="0.046" timestamp="2025-06-13T02:49:06">
  <properties>
    <property name="java.vendor" value="Homebrew" />
    <property name="sun.java.launcher" value="SUN_STANDARD" />
    <property name="env.XPC_SERVICE_NAME" value="0" />
    <property name="env.MallocNanoZone" value="0" />
    <property name="env.VSCODE_LOGIN_INITIALIZED" value="1" />
    <property name="sun.management.compiler" value="HotSpot 64-Bit Tiered Compilers" />
    <property name="os.name" value="Mac OS X" />
    <property name="env.TMPDIR" value="/var/folders/_c/nvz17mqn6wn3jcx3s0_pz9640000gn/T/" />
    <property name="env.PWD" value="/Users/pratheek/Desktop/Personal projects/Learning/ThinkDataStructures/code" />
    <property name="env.LANG" value="en_US.UTF-8" />
    <property name="java.vm.specification.vendor" value="Oracle Corporation" />
    <property name="ant.home" value="/opt/homebrew/Cellar/ant/1.10.15_1/libexec" />
    <property name="java.runtime.version" value="24.0.1" />
    <property name="user.name" value="pratheek" />
    <property name="env.USER" value="pratheek" />
    <property name="env.SHELL" value="/bin/zsh" />
    <property name="env.__CF_USER_TEXT_ENCODING" value="0x1F5:0x0:0x0" />
    <property name="env.ORIGINAL_XDG_CURRENT_DESKTOP" value="undefined" />
    <property name="stdout.encoding" value="UTF-8" />
    <property name="env.PATH" value="/Library/Frameworks/Python.framework/Versions/3.13/bin:/opt/homebrew/bin:/opt/homebrew/sbin:/usr/local/bin:/System/Cryptexes/App/usr/bin:/usr/bin:/bin:/usr/sbin:/sbin:/var/run/com.apple.security.cryptexd/codex.system/bootstrap/usr/local/bin:/var/run/com.apple.security.cryptexd/codex.system/bootstrap/usr/bin:/var/run/com.apple.security.cryptexd/codex.system/bootstrap/usr/appleinternal/bin:/Library/Frameworks/Python.framework/Versions/3.13/bin:/Users/pratheek/Library/Application Support/Code/User/globalStorage/github.copilot-chat/debugCommand" />
    <property name="env.HOMEBREW_CELLAR" value="/opt/homebrew/Cellar" />
    <property name="user.language" value="en" />
    <property name="sun.boot.library.path" value="/opt/homebrew/Cellar/openjdk/24.0.1/libexec/openjdk.jdk/Contents/Home/lib" />
    <property name="env.VSCODE_GIT_ASKPASS_MAIN" value="/Users/pratheek/Downloads/Misc Downloads (necessary)/Visual Studio Code.app/Contents/Resources/app/extensions/git/dist/askpass-main.js" />
    <property name="ant.project.default-target" value="build" />
    <property name="env.XPC_FLAGS" value="0x0" />
    <property name="ant.project.name" value="JavaCS" />
    <property name="java.vm.compressedOopsMode" value="Zero based" />
    <property name="java.version" value="24.0.1" />
    <property name="env.ZDOTDIR" value="/Users/pratheek" />
    <property name="sun.arch.data.model" value="64" />
    <property name="env.VSCODE_INJECTION" value="1" />
    <property name="http.nonProxyHosts" value="local|*.local|169.254/16|*.169.254/16" />
    <property name="sun.jnu.encoding" value="UTF-8" />
    <property name="env.SHLVL" value="1" />
    <property name="file.separator" value="/" />
    <property name="java.specification.name" value="Java Platform API Specification" />
    <property name="env.USER_ZDOTDIR" value="/Users/pratheek" />
    <property name="java.class.version" value="68.0" />
    <property name="env.VSCODE_GIT_ASKPASS_EXTRA_ARGS" value="" />
    <property name="user.country" value="US" />
    <property name="ant.file.JavaCS" value="/Users/pratheek/Desktop/Personal projects/Learning/ThinkDataStructures/code/build.xml" />
    <property name="java.home" value="/opt/homebrew/Cellar/openjdk/24.0.1/libexec/openjdk.jdk/Contents/Home" />
    <property name="java.vm.info" value="mixed mode, sharing" />
    <property name="os.version" value="15.2" />
    <property name="ant.file" value="/Users/pratheek/Desktop/Personal projects/Learning/ThinkDataStructures/code/build.xml" />
    <property name="env.LOGNAME" value="pratheek" />
    <property name="env.TERM_PROGRAM_VERSION" value="1.100.3" />
    <property name="path.separator" value=":" />
    <property name="java.vm.version" value="24.0.1" />
    <property name="env.VSCODE_GIT_IPC_HANDLE" value="/var/folders/_c/nvz17mqn6wn3jcx3s0_pz9640000gn/T/vscode-git-d6f614fa3e.sock" />
    <property name="ant.library.dir" value="/opt/homebrew/Cellar/ant/1.10.15_1/libexec/lib" />
    <property name="stderr.encoding" value="UTF-8" />
    <property name="env.__CFBundleIdentifier" value="com.microsoft.VSCode" />
    <property name="junit.output.dir" value="junit" />
    <property name="env.HOMEBREW_PREFIX" value="/opt/homebrew" />
    <property name="env.JAVA_HOME" value="/opt/homebrew/opt/openjdk" />
    <property name="env.TERM" value="xterm-256color" />
    <property name="sun.io.unicode.encoding" value="UnicodeBig" />
    <property name="socksNonProxyHosts" value="local|*.local|169.254/16|*.169.254/16" />
    <property name="ftp.nonProxyHosts" value="local|*.local|169.254/16|*.169.254/16" />
    <property name="target" value="1.8" />
    <property name="user.home" value="/Users/pratheek" />
    <property name="java.version.date" value="2025-04-15" />
    <property name="java.specification.vendor" value="Oracle Corporation" />
    <property name="env.TERM_PROGRAM" value="vscode" />
    <property name="java.library.path" value="/Users/pratheek/Library/Java/Extensions:/Library/Java/Extensions:/Network/Library/Java/Extensions:/System/Library/Java/Extensions:/usr/lib/java:." />
    <property name="env.HOMEBREW_REPOSITORY" value="/opt/homebrew" />
    <property name="java.vendor.url" value="https://github.com/Homebrew/homebrew-core/issues" />
    <property name="java.vm.vendor" value="Homebrew" />
    <property name="java.runtime.name" value="OpenJDK Runtime Environment" />
    <property name="sun.java.command" value="org.apache.tools.ant.taskdefs.optional.junit.JUnitTestRunner com.allendowney.thinkdast.ListClientExampleTest skipNonTests=false filtertrace=true haltOnError=false haltOnFailure=false formatter=org.apache.tools.ant.taskdefs.optional.junit.OutErrSummaryJUnitResultFormatter showoutput=false outputtoformatters=true logfailedtests=true threadid=0 logtestlistenerevents=false formatter=org.apache.tools.ant.taskdefs.optional.junit.XMLJUnitResultFormatter,/Users/pratheek/Desktop/Personal projects/Learning/ThinkDataStructures/code/junit/TEST-com.allendowney.thinkdast.ListClientExampleTest.xml crashfile=/Users/pratheek/Desktop/Personal projects/Learning/ThinkDataStructures/code/junitvmwatcher7636499449335186012.properties propsfile=/Users/pratheek/Desktop/Personal projects/Learning/ThinkDataStructures/code/junit12734728917923100934.properties" />
    <property name="java.class.path" value="/Users/pratheek/Desktop/Personal projects/Learning/ThinkDataStructures/code/bin:/Users/pratheek/Desktop/Personal projects/Learning/ThinkDataStructures/code/lib/jedis-2.8.0.jar:/Users/pratheek/Desktop/Personal projects/Learning/ThinkDataStructures/code/lib/jsoup-1.8.3.jar:/Users/pratheek/Desktop/Personal projects/Learning/ThinkDataStructures/code/lib/junit-4.12.jar:/Users/pratheek/Desktop/Personal projects/Learning/ThinkDataStructures/code/lib/hamcrest-core-1.3.jar:/Users/pratheek/Desktop/Personal projects/Learning/ThinkDataStructures/code/lib/jcommon-1.0.23.jar:/Users/pratheek/Desktop/Personal projects/Learning/ThinkDataStructures/code/lib/jfreechart-1.0.19.jar:/Users/pratheek/Desktop/Personal projects/Learning/ThinkDataStructures/code/lib/servlet.jar:/Users/pratheek/Desktop/Personal projects/Learning/ThinkDataStructures/code/lib/ant-junit.jar:/Users/pratheek/Desktop/Personal projects/Learning/ThinkDataStructures/code/lib/commons-math3-3.6.jar:/Users/pratheek/Desktop/Personal projects/Learning/ThinkDataStructures/code/lib/hamcrest-library-1.3.jar:/opt/homebrew/Cellar/ant/1.10.15_1/libexec/lib/ant-launcher.jar:/opt/homebrew/Cellar/ant/1.10.15_1/libexec/lib/ant.jar:/opt/homebrew/Cellar/ant/1.10.15_1/libexec/lib/ant-junit.jar:/opt/homebrew/Cellar/ant/1.10.15_1/libexec/lib/ant-junit4.jar" />
    <property name="ant.version" value="Apache Ant(TM) version 1.10.15 compiled on August 25 2024" />
    <property name="native.encoding" value="UTF-8" />
    <property name="jdk.debug" value="release" />
    <property name="env.GIT_ASKPASS" value="/Users/pratheek/Downloads/Misc Downloads (necessary)/Visual Studio Code.app/Contents/Resources/app/extensions/git/dist/askpass.sh" />
    <property name="ant.file.type.JavaCS" value="file" />
    <property name="env.VSCODE_GIT_ASKPASS_NODE" value="/Users/pratheek/Downloads/Misc Downloads (necessary)/Visual Studio Code.app/Contents/Frameworks/Code Helper (Plugin).app/Contents/MacOS/Code Helper (Plugin)" />
    <property name="java.vm.specification.name" value="Java Virtual Machine Specification" />
    <property name="ant.file.type" value="file" />
    <property name="java.vm.specification.version" value="24" />
    <property name="sun.cpu.endian" value="little" />
    <property name="debuglevel" value="source,lines,vars" />
    <property name="env.HOME" value="/Users/pratheek" />
    <property name="java.io.tmpdir" value="/var/folders/_c/nvz17mqn6wn3jcx3s0_pz9640000gn/T/" />
    <property name="java.vendor.url.bug" value="https://github.com/Homebrew/homebrew-core/issues" />
    <property name="env.SSH_AUTH_SOCK" value="/private/tmp/com.apple.launchd.tqQaJAWEZn/Listeners" />
    <property name="env.COMMAND_MODE" value="unix2003" />
    <property name="env.VSCODE_PROFILE_INITIALIZED" value="1" />
    <property name="os.arch" value="aarch64" />
    <property name="user.dir" value="/Users/pratheek/Desktop/Personal projects/Learning/ThinkDataStructures/code" />
    <property name="apple.awt.application.name" value="JUnitTestRunner" />
    <property name="env.INFOPATH" value="/opt/homebrew/share/info:/opt/homebrew/share/info:" />
    <property name="line.separator" value="&#xa;" />
    <property name="java.vm.name" value="OpenJDK 64-Bit Server VM" />
    <property name="env.COLORTERM" value="truecolor" />
    <property name="basedir" value="/Users/pratheek/Desktop/Personal projects/Learning/ThinkDataStructures/code" />
    <property name="ant.java.version" value="24" />
    <property name="ant.core.lib" value="/opt/homebrew/Cellar/ant/1.10.15_1/libexec/lib/ant.jar" />
    <property name="source" value="1.8" />
    <property name="file.encoding" value="UTF-8" />
    <property name="java.specification.version" value="24" />
    <property name="ant.project.invoked-targets" value="ListClientExampleTest" />
    <property name="java.vendor.version" value="Homebrew" />
  </properties>
  <testcase classname="com.allendowney.thinkdast.ListClientExampleTest" name="testListClientExample" time="0.002" />
  <system-out><![CDATA[Test is running!
]]></system-out>
  <system-err><![CDATA[]]></system-err>
</testsuite>
